2016-05-25 08:49:41  [ ERROR ] - [ nioEventLoopGroup-5-2:55015044 ] java.lang.ClassCastException: java.lang.String cannot be cast to [B
2016-05-25 08:51:46  [ ERROR ] - [ nioEventLoopGroup-4-2:42597 ] org.dom4j.DocumentException: Error on line 1 of document  : 尾随节中不允许有内容。 Nested exception: 尾随节中不允许有内容。
2016-05-25 08:53:26  [ ERROR ] - [ nioEventLoopGroup-4-2:31630 ] org.dom4j.DocumentException: Error on line 1 of document  : 尾随节中不允许有内容。 Nested exception: 尾随节中不允许有内容。
2016-05-25 08:59:31  [ ERROR ] - [ nioEventLoopGroup-5-2:12655 ] org.dom4j.DocumentException: Error on line 1 of document  : 尾随节中不允许有内容。 Nested exception: 尾随节中不允许有内容。
2016-05-25 09:08:12  [ ERROR ] - [ nioEventLoopGroup-5-2:15769 ] org.dom4j.DocumentException: Error on line 1 of document  : 尾随节中不允许有内容。 Nested exception: 尾随节中不允许有内容。
2016-05-25 09:12:28  [ ERROR ] - [ nioEventLoopGroup-4-1:30840 ] org.dom4j.DocumentException: Error on line 1 of document  : 前言中不允许有内容。 Nested exception: 前言中不允许有内容。
2016-05-25 09:12:56  [ ERROR ] - [ nioEventLoopGroup-4-2:11210 ] org.dom4j.DocumentException: Error on line 1 of document  : 前言中不允许有内容。 Nested exception: 前言中不允许有内容。
2016-05-25 09:15:56  [ ERROR ] - [ nioEventLoopGroup-5-1:8037 ] java.lang.NullPointerException
2016-05-25 09:16:53  [ ERROR ] - [ nioEventLoopGroup-4-1:5801 ] 
2016-05-25 09:18:15  [ ERROR ] - [ nioEventLoopGroup-4-1:58659 ] java.lang.NullPointerException
2016-05-25 09:19:21  [ ERROR ] - [ nioEventLoopGroup-5-1:5137 ] java.lang.NullPointerException
2016-05-25 09:20:57  [ ERROR ] - [ nioEventLoopGroup-4-1:56454 ] java.lang.NullPointerException
2016-05-25 09:22:05  [ ERROR ] - [ nioEventLoopGroup-4-2:124871 ] java.lang.NullPointerException
2016-05-25 09:22:05  [ ERROR ] - [ nioEventLoopGroup-4-2:124876 ] java.lang.NullPointerException
2016-05-25 09:22:22  [ ERROR ] - [ nioEventLoopGroup-4-1:13010 ] java.lang.NullPointerException
2016-05-25 09:23:31  [ ERROR ] - [ nioEventLoopGroup-4-2:82439 ] java.lang.NullPointerException
2016-05-25 09:25:55  [ ERROR ] - [ nioEventLoopGroup-4-1:10042 ] java.lang.NullPointerException
2016-05-25 09:26:45  [ ERROR ] - [ nioEventLoopGroup-4-1:11114 ] xml不符合规范！
2016-05-25 09:38:27  [ ERROR ] - [ nioEventLoopGroup-4-1:4678 ] xml不符合规范！
2016-05-25 09:39:25  [ ERROR ] - [ nioEventLoopGroup-4-1:9681 ] xml不符合规范！
2016-05-25 09:48:05  [ ERROR ] - [ nioEventLoopGroup-4-1:10160 ] java.lang.Exception: ssssssssssssss
2016-05-25 10:37:37  [ ERROR ] - [ nioEventLoopGroup-5-1:3726 ] xml不符合规范！
2016-05-25 10:37:37  [ ERROR ] - [ nioEventLoopGroup-5-1:3728 ] java.lang.Exception: The encode message body is null
2016-05-25 10:37:39  [ ERROR ] - [ nioEventLoopGroup-5-1:5728 ] java.lang.Exception: The encode message body is null
2016-05-25 10:37:41  [ ERROR ] - [ nioEventLoopGroup-5-1:7729 ] java.lang.Exception: The encode message body is null
2016-05-25 10:37:43  [ ERROR ] - [ nioEventLoopGroup-5-1:9729 ] lost hear beat 3times,close the socket!
2016-05-25 10:37:43  [ ERROR ] - [ nioEventLoopGroup-5-1:9731 ] java.lang.NullPointerException
2016-05-25 10:37:45  [ ERROR ] - [ nioEventLoopGroup-5-1:11729 ] lost hear beat 3times,close the socket!
2016-05-25 10:37:45  [ ERROR ] - [ nioEventLoopGroup-5-1:11729 ] java.lang.NullPointerException
2016-05-25 10:37:47  [ ERROR ] - [ nioEventLoopGroup-5-1:13729 ] lost hear beat 3times,close the socket!
2016-05-25 10:37:47  [ ERROR ] - [ nioEventLoopGroup-5-1:13729 ] java.lang.NullPointerException
2016-05-25 10:37:49  [ ERROR ] - [ nioEventLoopGroup-5-1:15729 ] lost hear beat 3times,close the socket!
2016-05-25 10:37:49  [ ERROR ] - [ nioEventLoopGroup-5-1:15729 ] java.lang.NullPointerException
2016-05-25 10:37:51  [ ERROR ] - [ nioEventLoopGroup-5-1:17728 ] lost hear beat 3times,close the socket!
2016-05-25 10:37:51  [ ERROR ] - [ nioEventLoopGroup-5-1:17729 ] java.lang.NullPointerException
2016-05-25 10:37:53  [ ERROR ] - [ nioEventLoopGroup-5-1:19728 ] lost hear beat 3times,close the socket!
2016-05-25 10:37:53  [ ERROR ] - [ nioEventLoopGroup-5-1:19729 ] java.lang.NullPointerException
2016-05-25 10:37:55  [ ERROR ] - [ nioEventLoopGroup-5-1:21729 ] lost hear beat 3times,close the socket!
2016-05-25 10:37:55  [ ERROR ] - [ nioEventLoopGroup-5-1:21729 ] java.lang.NullPointerException
2016-05-25 10:37:57  [ ERROR ] - [ nioEventLoopGroup-5-1:23729 ] lost hear beat 3times,close the socket!
2016-05-25 10:37:57  [ ERROR ] - [ nioEventLoopGroup-5-1:23730 ] java.lang.NullPointerException
2016-05-25 10:37:59  [ ERROR ] - [ nioEventLoopGroup-5-1:25729 ] lost hear beat 3times,close the socket!
2016-05-25 10:37:59  [ ERROR ] - [ nioEventLoopGroup-5-1:25729 ] java.lang.NullPointerException
2016-05-25 10:38:01  [ ERROR ] - [ nioEventLoopGroup-5-1:27729 ] lost hear beat 3times,close the socket!
2016-05-25 10:38:01  [ ERROR ] - [ nioEventLoopGroup-5-1:27730 ] java.lang.NullPointerException
2016-05-25 10:38:03  [ ERROR ] - [ nioEventLoopGroup-5-1:29729 ] lost hear beat 3times,close the socket!
2016-05-25 10:38:03  [ ERROR ] - [ nioEventLoopGroup-5-1:29729 ] java.lang.NullPointerException
2016-05-25 10:38:05  [ ERROR ] - [ nioEventLoopGroup-5-1:31729 ] lost hear beat 3times,close the socket!
2016-05-25 10:38:05  [ ERROR ] - [ nioEventLoopGroup-5-1:31729 ] java.lang.NullPointerException
2016-05-25 10:38:07  [ ERROR ] - [ nioEventLoopGroup-5-1:33729 ] lost hear beat 3times,close the socket!
2016-05-25 10:38:07  [ ERROR ] - [ nioEventLoopGroup-5-1:33729 ] java.lang.NullPointerException
2016-05-25 10:38:09  [ ERROR ] - [ nioEventLoopGroup-5-1:35728 ] lost hear beat 3times,close the socket!
2016-05-25 10:38:09  [ ERROR ] - [ nioEventLoopGroup-5-1:35729 ] java.lang.NullPointerException
2016-05-25 10:38:11  [ ERROR ] - [ nioEventLoopGroup-5-1:37728 ] lost hear beat 3times,close the socket!
2016-05-25 10:38:11  [ ERROR ] - [ nioEventLoopGroup-5-1:37729 ] java.lang.NullPointerException
2016-05-25 10:38:13  [ ERROR ] - [ nioEventLoopGroup-5-1:39728 ] lost hear beat 3times,close the socket!
2016-05-25 10:38:13  [ ERROR ] - [ nioEventLoopGroup-5-1:39729 ] java.lang.NullPointerException
2016-05-25 10:38:15  [ ERROR ] - [ nioEventLoopGroup-5-1:41729 ] lost hear beat 3times,close the socket!
2016-05-25 10:38:15  [ ERROR ] - [ nioEventLoopGroup-5-1:41730 ] java.lang.NullPointerException
2016-05-25 10:38:17  [ ERROR ] - [ nioEventLoopGroup-5-1:43729 ] lost hear beat 3times,close the socket!
2016-05-25 10:38:17  [ ERROR ] - [ nioEventLoopGroup-5-1:43730 ] java.lang.NullPointerException
2016-05-25 10:38:19  [ ERROR ] - [ nioEventLoopGroup-5-1:45729 ] lost hear beat 3times,close the socket!
2016-05-25 10:38:19  [ ERROR ] - [ nioEventLoopGroup-5-1:45730 ] java.lang.NullPointerException
2016-05-25 10:38:21  [ ERROR ] - [ nioEventLoopGroup-5-1:47729 ] lost hear beat 3times,close the socket!
2016-05-25 10:38:21  [ ERROR ] - [ nioEventLoopGroup-5-1:47730 ] java.lang.NullPointerException
2016-05-25 10:38:23  [ ERROR ] - [ nioEventLoopGroup-5-1:49729 ] lost hear beat 3times,close the socket!
2016-05-25 10:38:23  [ ERROR ] - [ nioEventLoopGroup-5-1:49729 ] java.lang.NullPointerException
2016-05-25 10:38:25  [ ERROR ] - [ nioEventLoopGroup-5-1:51729 ] lost hear beat 3times,close the socket!
2016-05-25 10:38:25  [ ERROR ] - [ nioEventLoopGroup-5-1:51729 ] java.lang.NullPointerException
2016-05-25 10:38:27  [ ERROR ] - [ nioEventLoopGroup-5-1:53728 ] lost hear beat 3times,close the socket!
2016-05-25 10:38:27  [ ERROR ] - [ nioEventLoopGroup-5-1:53729 ] java.lang.NullPointerException
2016-05-25 10:38:29  [ ERROR ] - [ nioEventLoopGroup-5-1:55728 ] lost hear beat 3times,close the socket!
2016-05-25 10:38:29  [ ERROR ] - [ nioEventLoopGroup-5-1:55729 ] java.lang.NullPointerException
2016-05-25 10:38:31  [ ERROR ] - [ nioEventLoopGroup-5-1:57728 ] lost hear beat 3times,close the socket!
2016-05-25 10:38:31  [ ERROR ] - [ nioEventLoopGroup-5-1:57729 ] java.lang.NullPointerException
2016-05-25 10:38:33  [ ERROR ] - [ nioEventLoopGroup-5-1:59729 ] lost hear beat 3times,close the socket!
2016-05-25 10:38:33  [ ERROR ] - [ nioEventLoopGroup-5-1:59730 ] java.lang.NullPointerException
2016-05-25 10:38:35  [ ERROR ] - [ nioEventLoopGroup-5-1:61729 ] lost hear beat 3times,close the socket!
2016-05-25 10:38:35  [ ERROR ] - [ nioEventLoopGroup-5-1:61730 ] java.lang.NullPointerException
2016-05-25 10:38:37  [ ERROR ] - [ nioEventLoopGroup-5-1:63729 ] lost hear beat 3times,close the socket!
2016-05-25 10:38:37  [ ERROR ] - [ nioEventLoopGroup-5-1:63730 ] java.lang.NullPointerException
2016-05-25 10:38:39  [ ERROR ] - [ nioEventLoopGroup-5-1:65729 ] lost hear beat 3times,close the socket!
2016-05-25 10:38:39  [ ERROR ] - [ nioEventLoopGroup-5-1:65729 ] java.lang.NullPointerException
2016-05-25 10:38:41  [ ERROR ] - [ nioEventLoopGroup-5-1:67729 ] lost hear beat 3times,close the socket!
2016-05-25 10:38:41  [ ERROR ] - [ nioEventLoopGroup-5-1:67730 ] java.lang.NullPointerException
2016-05-25 10:38:43  [ ERROR ] - [ nioEventLoopGroup-5-1:69729 ] lost hear beat 3times,close the socket!
2016-05-25 10:38:43  [ ERROR ] - [ nioEventLoopGroup-5-1:69729 ] java.lang.NullPointerException
2016-05-25 10:38:45  [ ERROR ] - [ nioEventLoopGroup-5-1:71728 ] lost hear beat 3times,close the socket!
2016-05-25 10:38:45  [ ERROR ] - [ nioEventLoopGroup-5-1:71729 ] java.lang.NullPointerException
2016-05-25 10:38:47  [ ERROR ] - [ nioEventLoopGroup-5-1:73728 ] lost hear beat 3times,close the socket!
2016-05-25 10:38:47  [ ERROR ] - [ nioEventLoopGroup-5-1:73729 ] java.lang.NullPointerException
2016-05-25 10:38:49  [ ERROR ] - [ nioEventLoopGroup-5-1:75728 ] lost hear beat 3times,close the socket!
2016-05-25 10:38:49  [ ERROR ] - [ nioEventLoopGroup-5-1:75729 ] java.lang.NullPointerException
2016-05-25 10:38:51  [ ERROR ] - [ nioEventLoopGroup-5-1:77729 ] lost hear beat 3times,close the socket!
2016-05-25 10:38:51  [ ERROR ] - [ nioEventLoopGroup-5-1:77730 ] java.lang.NullPointerException
2016-05-25 10:38:53  [ ERROR ] - [ nioEventLoopGroup-5-1:79729 ] lost hear beat 3times,close the socket!
2016-05-25 10:38:53  [ ERROR ] - [ nioEventLoopGroup-5-1:79730 ] java.lang.NullPointerException
2016-05-25 10:38:55  [ ERROR ] - [ nioEventLoopGroup-5-1:81729 ] lost hear beat 3times,close the socket!
2016-05-25 10:38:55  [ ERROR ] - [ nioEventLoopGroup-5-1:81730 ] java.lang.NullPointerException
2016-05-25 10:38:57  [ ERROR ] - [ nioEventLoopGroup-5-1:83730 ] lost hear beat 3times,close the socket!
2016-05-25 10:38:57  [ ERROR ] - [ nioEventLoopGroup-5-1:83730 ] java.lang.NullPointerException
2016-05-25 10:38:59  [ ERROR ] - [ nioEventLoopGroup-5-1:85729 ] lost hear beat 3times,close the socket!
2016-05-25 10:38:59  [ ERROR ] - [ nioEventLoopGroup-5-1:85730 ] java.lang.NullPointerException
2016-05-25 10:39:01  [ ERROR ] - [ nioEventLoopGroup-5-1:87729 ] lost hear beat 3times,close the socket!
2016-05-25 10:39:01  [ ERROR ] - [ nioEventLoopGroup-5-1:87729 ] java.lang.NullPointerException
2016-05-25 10:39:03  [ ERROR ] - [ nioEventLoopGroup-5-1:89729 ] lost hear beat 3times,close the socket!
2016-05-25 10:39:03  [ ERROR ] - [ nioEventLoopGroup-5-1:89729 ] java.lang.NullPointerException
2016-05-25 10:39:05  [ ERROR ] - [ nioEventLoopGroup-5-1:91728 ] lost hear beat 3times,close the socket!
2016-05-25 10:39:05  [ ERROR ] - [ nioEventLoopGroup-5-1:91729 ] java.lang.NullPointerException
2016-05-25 10:39:07  [ ERROR ] - [ nioEventLoopGroup-5-1:93729 ] lost hear beat 3times,close the socket!
2016-05-25 10:39:07  [ ERROR ] - [ nioEventLoopGroup-5-1:93730 ] java.lang.NullPointerException
2016-05-25 10:39:09  [ ERROR ] - [ nioEventLoopGroup-5-1:95729 ] lost hear beat 3times,close the socket!
2016-05-25 10:39:09  [ ERROR ] - [ nioEventLoopGroup-5-1:95730 ] java.lang.NullPointerException
2016-05-25 10:39:11  [ ERROR ] - [ nioEventLoopGroup-5-1:97729 ] lost hear beat 3times,close the socket!
2016-05-25 10:39:11  [ ERROR ] - [ nioEventLoopGroup-5-1:97730 ] java.lang.NullPointerException
2016-05-25 10:39:13  [ ERROR ] - [ nioEventLoopGroup-5-1:99729 ] lost hear beat 3times,close the socket!
2016-05-25 10:39:13  [ ERROR ] - [ nioEventLoopGroup-5-1:99729 ] java.lang.NullPointerException
2016-05-25 10:39:15  [ ERROR ] - [ nioEventLoopGroup-5-1:101729 ] lost hear beat 3times,close the socket!
2016-05-25 10:39:15  [ ERROR ] - [ nioEventLoopGroup-5-1:101729 ] java.lang.NullPointerException
2016-05-25 10:39:17  [ ERROR ] - [ nioEventLoopGroup-5-1:103729 ] lost hear beat 3times,close the socket!
2016-05-25 10:39:17  [ ERROR ] - [ nioEventLoopGroup-5-1:103729 ] java.lang.NullPointerException
2016-05-25 10:39:19  [ ERROR ] - [ nioEventLoopGroup-5-1:105728 ] lost hear beat 3times,close the socket!
2016-05-25 10:39:19  [ ERROR ] - [ nioEventLoopGroup-5-1:105729 ] java.lang.NullPointerException
2016-05-25 10:39:21  [ ERROR ] - [ nioEventLoopGroup-5-1:107729 ] lost hear beat 3times,close the socket!
2016-05-25 10:39:21  [ ERROR ] - [ nioEventLoopGroup-5-1:107729 ] java.lang.NullPointerException
2016-05-25 10:39:23  [ ERROR ] - [ nioEventLoopGroup-5-1:109729 ] lost hear beat 3times,close the socket!
2016-05-25 10:39:23  [ ERROR ] - [ nioEventLoopGroup-5-1:109729 ] java.lang.NullPointerException
2016-05-25 10:39:25  [ ERROR ] - [ nioEventLoopGroup-5-1:111729 ] lost hear beat 3times,close the socket!
2016-05-25 10:39:25  [ ERROR ] - [ nioEventLoopGroup-5-1:111730 ] java.lang.NullPointerException
2016-05-25 10:39:27  [ ERROR ] - [ nioEventLoopGroup-5-1:113729 ] lost hear beat 3times,close the socket!
2016-05-25 10:39:27  [ ERROR ] - [ nioEventLoopGroup-5-1:113729 ] java.lang.NullPointerException
2016-05-25 10:39:29  [ ERROR ] - [ nioEventLoopGroup-5-1:115729 ] lost hear beat 3times,close the socket!
2016-05-25 10:39:29  [ ERROR ] - [ nioEventLoopGroup-5-1:115729 ] java.lang.NullPointerException
2016-05-25 10:39:31  [ ERROR ] - [ nioEventLoopGroup-5-1:117729 ] lost hear beat 3times,close the socket!
2016-05-25 10:39:31  [ ERROR ] - [ nioEventLoopGroup-5-1:117730 ] java.lang.NullPointerException
2016-05-25 10:39:33  [ ERROR ] - [ nioEventLoopGroup-5-1:119730 ] lost hear beat 3times,close the socket!
2016-05-25 10:39:33  [ ERROR ] - [ nioEventLoopGroup-5-1:119730 ] java.lang.NullPointerException
2016-05-25 10:39:35  [ ERROR ] - [ nioEventLoopGroup-5-1:121729 ] lost hear beat 3times,close the socket!
2016-05-25 10:39:35  [ ERROR ] - [ nioEventLoopGroup-5-1:121729 ] java.lang.NullPointerException
2016-05-25 10:39:37  [ ERROR ] - [ nioEventLoopGroup-5-1:123729 ] lost hear beat 3times,close the socket!
2016-05-25 10:39:37  [ ERROR ] - [ nioEventLoopGroup-5-1:123729 ] java.lang.NullPointerException
2016-05-25 10:39:39  [ ERROR ] - [ nioEventLoopGroup-5-1:125729 ] lost hear beat 3times,close the socket!
2016-05-25 10:39:39  [ ERROR ] - [ nioEventLoopGroup-5-1:125729 ] java.lang.NullPointerException
2016-05-25 10:39:41  [ ERROR ] - [ nioEventLoopGroup-5-1:127728 ] lost hear beat 3times,close the socket!
2016-05-25 10:39:41  [ ERROR ] - [ nioEventLoopGroup-5-1:127728 ] java.lang.NullPointerException
2016-05-25 10:39:43  [ ERROR ] - [ nioEventLoopGroup-5-1:129729 ] lost hear beat 3times,close the socket!
2016-05-25 10:39:43  [ ERROR ] - [ nioEventLoopGroup-5-1:129729 ] java.lang.NullPointerException
2016-05-25 10:39:45  [ ERROR ] - [ nioEventLoopGroup-5-1:131729 ] lost hear beat 3times,close the socket!
2016-05-25 10:39:45  [ ERROR ] - [ nioEventLoopGroup-5-1:131729 ] java.lang.NullPointerException
2016-05-25 10:39:47  [ ERROR ] - [ nioEventLoopGroup-5-1:133729 ] lost hear beat 3times,close the socket!
2016-05-25 10:39:47  [ ERROR ] - [ nioEventLoopGroup-5-1:133729 ] java.lang.NullPointerException
2016-05-25 10:39:49  [ ERROR ] - [ nioEventLoopGroup-5-1:135729 ] lost hear beat 3times,close the socket!
2016-05-25 10:39:49  [ ERROR ] - [ nioEventLoopGroup-5-1:135730 ] java.lang.NullPointerException
2016-05-25 10:39:51  [ ERROR ] - [ nioEventLoopGroup-5-1:137729 ] lost hear beat 3times,close the socket!
2016-05-25 10:39:51  [ ERROR ] - [ nioEventLoopGroup-5-1:137729 ] java.lang.NullPointerException
2016-05-25 10:39:53  [ ERROR ] - [ nioEventLoopGroup-5-1:139729 ] lost hear beat 3times,close the socket!
2016-05-25 10:39:53  [ ERROR ] - [ nioEventLoopGroup-5-1:139794 ] java.lang.NullPointerException
2016-05-25 10:39:55  [ ERROR ] - [ nioEventLoopGroup-5-1:141729 ] lost hear beat 3times,close the socket!
2016-05-25 10:39:55  [ ERROR ] - [ nioEventLoopGroup-5-1:141730 ] java.lang.NullPointerException
2016-05-25 10:39:57  [ ERROR ] - [ nioEventLoopGroup-5-1:143729 ] lost hear beat 3times,close the socket!
2016-05-25 10:39:57  [ ERROR ] - [ nioEventLoopGroup-5-1:143729 ] java.lang.NullPointerException
2016-05-25 10:39:59  [ ERROR ] - [ nioEventLoopGroup-5-1:145729 ] lost hear beat 3times,close the socket!
2016-05-25 10:39:59  [ ERROR ] - [ nioEventLoopGroup-5-1:145729 ] java.lang.NullPointerException
2016-05-25 10:40:01  [ ERROR ] - [ nioEventLoopGroup-5-1:147729 ] lost hear beat 3times,close the socket!
2016-05-25 10:40:01  [ ERROR ] - [ nioEventLoopGroup-5-1:147730 ] java.lang.NullPointerException
2016-05-25 10:40:03  [ ERROR ] - [ nioEventLoopGroup-5-1:149729 ] lost hear beat 3times,close the socket!
2016-05-25 10:40:03  [ ERROR ] - [ nioEventLoopGroup-5-1:149730 ] java.lang.NullPointerException
2016-05-25 10:40:05  [ ERROR ] - [ nioEventLoopGroup-5-1:151729 ] lost hear beat 3times,close the socket!
2016-05-25 10:40:05  [ ERROR ] - [ nioEventLoopGroup-5-1:151730 ] java.lang.NullPointerException
2016-05-25 10:40:07  [ ERROR ] - [ nioEventLoopGroup-5-1:153729 ] lost hear beat 3times,close the socket!
2016-05-25 10:40:07  [ ERROR ] - [ nioEventLoopGroup-5-1:153730 ] java.lang.NullPointerException
2016-05-25 10:40:09  [ ERROR ] - [ nioEventLoopGroup-5-1:155729 ] lost hear beat 3times,close the socket!
2016-05-25 10:40:09  [ ERROR ] - [ nioEventLoopGroup-5-1:155730 ] java.lang.NullPointerException
2016-05-25 10:40:11  [ ERROR ] - [ nioEventLoopGroup-5-1:157729 ] lost hear beat 3times,close the socket!
2016-05-25 10:40:11  [ ERROR ] - [ nioEventLoopGroup-5-1:157730 ] java.lang.NullPointerException
2016-05-25 10:40:13  [ ERROR ] - [ nioEventLoopGroup-5-1:159729 ] lost hear beat 3times,close the socket!
2016-05-25 10:40:13  [ ERROR ] - [ nioEventLoopGroup-5-1:159730 ] java.lang.NullPointerException
2016-05-25 10:40:15  [ ERROR ] - [ nioEventLoopGroup-5-1:161729 ] lost hear beat 3times,close the socket!
2016-05-25 10:40:15  [ ERROR ] - [ nioEventLoopGroup-5-1:161730 ] java.lang.NullPointerException
2016-05-25 10:40:17  [ ERROR ] - [ nioEventLoopGroup-5-1:163730 ] lost hear beat 3times,close the socket!
2016-05-25 10:40:17  [ ERROR ] - [ nioEventLoopGroup-5-1:163730 ] java.lang.NullPointerException
2016-05-25 10:40:19  [ ERROR ] - [ nioEventLoopGroup-5-1:165730 ] lost hear beat 3times,close the socket!
2016-05-25 10:40:19  [ ERROR ] - [ nioEventLoopGroup-5-1:165730 ] java.lang.NullPointerException
2016-05-25 10:40:21  [ ERROR ] - [ nioEventLoopGroup-5-1:167729 ] lost hear beat 3times,close the socket!
2016-05-25 10:40:21  [ ERROR ] - [ nioEventLoopGroup-5-1:167730 ] java.lang.NullPointerException
2016-05-25 10:40:23  [ ERROR ] - [ nioEventLoopGroup-5-1:169729 ] lost hear beat 3times,close the socket!
2016-05-25 10:40:23  [ ERROR ] - [ nioEventLoopGroup-5-1:169730 ] java.lang.NullPointerException
2016-05-25 10:40:25  [ ERROR ] - [ nioEventLoopGroup-5-1:171729 ] lost hear beat 3times,close the socket!
2016-05-25 10:40:25  [ ERROR ] - [ nioEventLoopGroup-5-1:171730 ] java.lang.NullPointerException
2016-05-25 10:40:27  [ ERROR ] - [ nioEventLoopGroup-5-1:173729 ] lost hear beat 3times,close the socket!
2016-05-25 10:40:27  [ ERROR ] - [ nioEventLoopGroup-5-1:173729 ] java.lang.NullPointerException
2016-05-25 10:40:29  [ ERROR ] - [ nioEventLoopGroup-5-1:175729 ] lost hear beat 3times,close the socket!
2016-05-25 10:40:29  [ ERROR ] - [ nioEventLoopGroup-5-1:175730 ] java.lang.NullPointerException
2016-05-25 10:40:31  [ ERROR ] - [ nioEventLoopGroup-5-1:177729 ] lost hear beat 3times,close the socket!
2016-05-25 10:40:31  [ ERROR ] - [ nioEventLoopGroup-5-1:177730 ] java.lang.NullPointerException
2016-05-25 10:40:33  [ ERROR ] - [ nioEventLoopGroup-5-1:179729 ] lost hear beat 3times,close the socket!
2016-05-25 10:40:33  [ ERROR ] - [ nioEventLoopGroup-5-1:179730 ] java.lang.NullPointerException
2016-05-25 10:40:35  [ ERROR ] - [ nioEventLoopGroup-5-1:181730 ] lost hear beat 3times,close the socket!
2016-05-25 10:40:35  [ ERROR ] - [ nioEventLoopGroup-5-1:181730 ] java.lang.NullPointerException
2016-05-25 10:40:37  [ ERROR ] - [ nioEventLoopGroup-5-1:183730 ] lost hear beat 3times,close the socket!
2016-05-25 10:40:37  [ ERROR ] - [ nioEventLoopGroup-5-1:183730 ] java.lang.NullPointerException
2016-05-25 10:40:39  [ ERROR ] - [ nioEventLoopGroup-5-1:185730 ] lost hear beat 3times,close the socket!
2016-05-25 10:40:39  [ ERROR ] - [ nioEventLoopGroup-5-1:185730 ] java.lang.NullPointerException
2016-05-25 10:40:41  [ ERROR ] - [ nioEventLoopGroup-5-1:187729 ] lost hear beat 3times,close the socket!
2016-05-25 10:40:41  [ ERROR ] - [ nioEventLoopGroup-5-1:187730 ] java.lang.NullPointerException
2016-05-25 10:40:43  [ ERROR ] - [ nioEventLoopGroup-5-1:189729 ] lost hear beat 3times,close the socket!
2016-05-25 10:40:43  [ ERROR ] - [ nioEventLoopGroup-5-1:189730 ] java.lang.NullPointerException
2016-05-25 10:40:45  [ ERROR ] - [ nioEventLoopGroup-5-1:191729 ] lost hear beat 3times,close the socket!
2016-05-25 10:40:45  [ ERROR ] - [ nioEventLoopGroup-5-1:191730 ] java.lang.NullPointerException
2016-05-25 10:40:47  [ ERROR ] - [ nioEventLoopGroup-5-1:193729 ] lost hear beat 3times,close the socket!
2016-05-25 10:40:47  [ ERROR ] - [ nioEventLoopGroup-5-1:193730 ] java.lang.NullPointerException
2016-05-25 10:40:49  [ ERROR ] - [ nioEventLoopGroup-5-1:195729 ] lost hear beat 3times,close the socket!
2016-05-25 10:40:49  [ ERROR ] - [ nioEventLoopGroup-5-1:195730 ] java.lang.NullPointerException
2016-05-25 10:40:51  [ ERROR ] - [ nioEventLoopGroup-5-1:197729 ] lost hear beat 3times,close the socket!
2016-05-25 10:40:51  [ ERROR ] - [ nioEventLoopGroup-5-1:197730 ] java.lang.NullPointerException
2016-05-25 10:40:53  [ ERROR ] - [ nioEventLoopGroup-5-1:199730 ] lost hear beat 3times,close the socket!
2016-05-25 10:40:53  [ ERROR ] - [ nioEventLoopGroup-5-1:199731 ] java.lang.NullPointerException
2016-05-25 10:40:55  [ ERROR ] - [ nioEventLoopGroup-5-1:201730 ] lost hear beat 3times,close the socket!
2016-05-25 10:40:55  [ ERROR ] - [ nioEventLoopGroup-5-1:201730 ] java.lang.NullPointerException
2016-05-25 10:40:57  [ ERROR ] - [ nioEventLoopGroup-5-1:203730 ] lost hear beat 3times,close the socket!
2016-05-25 10:40:57  [ ERROR ] - [ nioEventLoopGroup-5-1:203730 ] java.lang.NullPointerException
2016-05-25 10:40:59  [ ERROR ] - [ nioEventLoopGroup-5-1:205729 ] lost hear beat 3times,close the socket!
2016-05-25 10:40:59  [ ERROR ] - [ nioEventLoopGroup-5-1:205729 ] java.lang.NullPointerException
2016-05-25 10:41:01  [ ERROR ] - [ nioEventLoopGroup-5-1:207729 ] lost hear beat 3times,close the socket!
2016-05-25 10:41:01  [ ERROR ] - [ nioEventLoopGroup-5-1:207730 ] java.lang.NullPointerException
2016-05-25 10:41:03  [ ERROR ] - [ nioEventLoopGroup-5-1:209732 ] lost hear beat 3times,close the socket!
2016-05-25 10:41:03  [ ERROR ] - [ nioEventLoopGroup-5-1:209732 ] java.lang.NullPointerException
2016-05-25 10:41:05  [ ERROR ] - [ nioEventLoopGroup-5-1:211729 ] lost hear beat 3times,close the socket!
2016-05-25 10:41:05  [ ERROR ] - [ nioEventLoopGroup-5-1:211730 ] java.lang.NullPointerException
2016-05-25 10:41:07  [ ERROR ] - [ nioEventLoopGroup-5-1:213729 ] lost hear beat 3times,close the socket!
2016-05-25 10:41:07  [ ERROR ] - [ nioEventLoopGroup-5-1:213730 ] java.lang.NullPointerException
2016-05-25 10:41:09  [ ERROR ] - [ nioEventLoopGroup-5-1:215730 ] lost hear beat 3times,close the socket!
2016-05-25 10:41:09  [ ERROR ] - [ nioEventLoopGroup-5-1:215731 ] java.lang.NullPointerException
2016-05-25 10:41:11  [ ERROR ] - [ nioEventLoopGroup-5-1:217730 ] lost hear beat 3times,close the socket!
2016-05-25 10:41:11  [ ERROR ] - [ nioEventLoopGroup-5-1:217731 ] java.lang.NullPointerException
2016-05-25 10:41:13  [ ERROR ] - [ nioEventLoopGroup-5-1:219730 ] lost hear beat 3times,close the socket!
2016-05-25 10:41:13  [ ERROR ] - [ nioEventLoopGroup-5-1:219730 ] java.lang.NullPointerException
2016-05-25 10:41:15  [ ERROR ] - [ nioEventLoopGroup-5-1:221730 ] lost hear beat 3times,close the socket!
2016-05-25 10:41:15  [ ERROR ] - [ nioEventLoopGroup-5-1:221730 ] java.lang.NullPointerException
2016-05-25 10:41:17  [ ERROR ] - [ nioEventLoopGroup-5-1:223729 ] lost hear beat 3times,close the socket!
2016-05-25 10:41:17  [ ERROR ] - [ nioEventLoopGroup-5-1:223730 ] java.lang.NullPointerException
2016-05-25 10:41:19  [ ERROR ] - [ nioEventLoopGroup-5-1:225729 ] lost hear beat 3times,close the socket!
2016-05-25 10:41:19  [ ERROR ] - [ nioEventLoopGroup-5-1:225730 ] java.lang.NullPointerException
2016-05-25 10:41:28  [ ERROR ] - [ nioEventLoopGroup-5-2:234775 ] java.lang.Exception: The encode message body is null
2016-05-25 10:41:30  [ ERROR ] - [ nioEventLoopGroup-5-2:236775 ] java.lang.Exception: The encode message body is null
2016-05-25 10:41:32  [ ERROR ] - [ nioEventLoopGroup-5-2:238775 ] java.lang.Exception: The encode message body is null
2016-05-25 10:41:34  [ ERROR ] - [ nioEventLoopGroup-5-2:240775 ] lost hear beat 3times,close the socket!
2016-05-25 10:41:34  [ ERROR ] - [ nioEventLoopGroup-5-2:240775 ] java.lang.NullPointerException
2016-05-25 10:41:36  [ ERROR ] - [ nioEventLoopGroup-5-2:242775 ] lost hear beat 3times,close the socket!
2016-05-25 10:41:36  [ ERROR ] - [ nioEventLoopGroup-5-2:242775 ] java.lang.NullPointerException
2016-05-25 10:41:38  [ ERROR ] - [ nioEventLoopGroup-5-2:244775 ] lost hear beat 3times,close the socket!
2016-05-25 10:41:38  [ ERROR ] - [ nioEventLoopGroup-5-2:244775 ] java.lang.NullPointerException
2016-05-25 10:41:40  [ ERROR ] - [ nioEventLoopGroup-5-2:246774 ] lost hear beat 3times,close the socket!
2016-05-25 10:41:40  [ ERROR ] - [ nioEventLoopGroup-5-2:246775 ] java.lang.NullPointerException
2016-05-25 10:41:42  [ ERROR ] - [ nioEventLoopGroup-5-2:248774 ] lost hear beat 3times,close the socket!
2016-05-25 10:41:42  [ ERROR ] - [ nioEventLoopGroup-5-2:248775 ] java.lang.NullPointerException
2016-05-25 10:41:44  [ ERROR ] - [ nioEventLoopGroup-5-2:250775 ] lost hear beat 3times,close the socket!
2016-05-25 10:41:44  [ ERROR ] - [ nioEventLoopGroup-5-2:250776 ] java.lang.NullPointerException
2016-05-25 10:41:46  [ ERROR ] - [ nioEventLoopGroup-5-2:252775 ] lost hear beat 3times,close the socket!
2016-05-25 10:41:46  [ ERROR ] - [ nioEventLoopGroup-5-2:252776 ] java.lang.NullPointerException
2016-05-25 10:41:48  [ ERROR ] - [ nioEventLoopGroup-5-2:254775 ] lost hear beat 3times,close the socket!
2016-05-25 10:41:48  [ ERROR ] - [ nioEventLoopGroup-5-2:254776 ] java.lang.NullPointerException
2016-05-25 10:41:50  [ ERROR ] - [ nioEventLoopGroup-5-2:256775 ] lost hear beat 3times,close the socket!
2016-05-25 10:41:50  [ ERROR ] - [ nioEventLoopGroup-5-2:256776 ] java.lang.NullPointerException
2016-05-25 10:41:52  [ ERROR ] - [ nioEventLoopGroup-5-2:258775 ] lost hear beat 3times,close the socket!
2016-05-25 10:41:52  [ ERROR ] - [ nioEventLoopGroup-5-2:258775 ] java.lang.NullPointerException
2016-05-25 10:41:54  [ ERROR ] - [ nioEventLoopGroup-5-2:260775 ] lost hear beat 3times,close the socket!
2016-05-25 10:41:54  [ ERROR ] - [ nioEventLoopGroup-5-2:260775 ] java.lang.NullPointerException
2016-05-25 10:41:56  [ ERROR ] - [ nioEventLoopGroup-5-2:262775 ] lost hear beat 3times,close the socket!
2016-05-25 10:41:56  [ ERROR ] - [ nioEventLoopGroup-5-2:262775 ] java.lang.NullPointerException
2016-05-25 10:41:58  [ ERROR ] - [ nioEventLoopGroup-5-2:264774 ] lost hear beat 3times,close the socket!
2016-05-25 10:41:58  [ ERROR ] - [ nioEventLoopGroup-5-2:264775 ] java.lang.NullPointerException
2016-05-25 10:42:00  [ ERROR ] - [ nioEventLoopGroup-5-2:266774 ] lost hear beat 3times,close the socket!
2016-05-25 10:42:00  [ ERROR ] - [ nioEventLoopGroup-5-2:266775 ] java.lang.NullPointerException
2016-05-25 10:42:02  [ ERROR ] - [ nioEventLoopGroup-5-2:268775 ] lost hear beat 3times,close the socket!
2016-05-25 10:42:02  [ ERROR ] - [ nioEventLoopGroup-5-2:268776 ] java.lang.NullPointerException
2016-05-25 10:42:04  [ ERROR ] - [ nioEventLoopGroup-5-2:270775 ] lost hear beat 3times,close the socket!
2016-05-25 10:42:04  [ ERROR ] - [ nioEventLoopGroup-5-2:270776 ] java.lang.NullPointerException
2016-05-25 10:42:06  [ ERROR ] - [ nioEventLoopGroup-5-2:272775 ] lost hear beat 3times,close the socket!
2016-05-25 10:42:06  [ ERROR ] - [ nioEventLoopGroup-5-2:272775 ] java.lang.NullPointerException
2016-05-25 10:42:08  [ ERROR ] - [ nioEventLoopGroup-5-2:274775 ] lost hear beat 3times,close the socket!
2016-05-25 10:42:08  [ ERROR ] - [ nioEventLoopGroup-5-2:274776 ] java.lang.NullPointerException
2016-05-25 10:42:10  [ ERROR ] - [ nioEventLoopGroup-5-2:276775 ] lost hear beat 3times,close the socket!
2016-05-25 10:42:10  [ ERROR ] - [ nioEventLoopGroup-5-2:276776 ] java.lang.NullPointerException
2016-05-25 10:42:12  [ ERROR ] - [ nioEventLoopGroup-5-2:278775 ] lost hear beat 3times,close the socket!
2016-05-25 10:42:12  [ ERROR ] - [ nioEventLoopGroup-5-2:278775 ] java.lang.NullPointerException
2016-05-25 10:42:14  [ ERROR ] - [ nioEventLoopGroup-5-2:280775 ] lost hear beat 3times,close the socket!
2016-05-25 10:42:14  [ ERROR ] - [ nioEventLoopGroup-5-2:280775 ] java.lang.NullPointerException
2016-05-25 10:42:16  [ ERROR ] - [ nioEventLoopGroup-5-2:282775 ] lost hear beat 3times,close the socket!
2016-05-25 10:42:16  [ ERROR ] - [ nioEventLoopGroup-5-2:282775 ] java.lang.NullPointerException
2016-05-25 10:42:18  [ ERROR ] - [ nioEventLoopGroup-5-2:284774 ] lost hear beat 3times,close the socket!
2016-05-25 10:42:18  [ ERROR ] - [ nioEventLoopGroup-5-2:284775 ] java.lang.NullPointerException
2016-05-25 10:42:20  [ ERROR ] - [ nioEventLoopGroup-5-2:286775 ] lost hear beat 3times,close the socket!
2016-05-25 10:42:20  [ ERROR ] - [ nioEventLoopGroup-5-2:286776 ] java.lang.NullPointerException
2016-05-25 10:42:22  [ ERROR ] - [ nioEventLoopGroup-5-2:288775 ] lost hear beat 3times,close the socket!
2016-05-25 10:42:22  [ ERROR ] - [ nioEventLoopGroup-5-2:288776 ] java.lang.NullPointerException
2016-05-25 10:42:24  [ ERROR ] - [ nioEventLoopGroup-5-2:290775 ] lost hear beat 3times,close the socket!
2016-05-25 10:42:24  [ ERROR ] - [ nioEventLoopGroup-5-2:290776 ] java.lang.NullPointerException
2016-05-25 10:42:26  [ ERROR ] - [ nioEventLoopGroup-5-2:292775 ] lost hear beat 3times,close the socket!
2016-05-25 10:42:26  [ ERROR ] - [ nioEventLoopGroup-5-2:292776 ] java.lang.NullPointerException
2016-05-25 10:42:28  [ ERROR ] - [ nioEventLoopGroup-5-2:294775 ] lost hear beat 3times,close the socket!
2016-05-25 10:42:28  [ ERROR ] - [ nioEventLoopGroup-5-2:294776 ] java.lang.NullPointerException
2016-05-25 10:42:30  [ ERROR ] - [ nioEventLoopGroup-5-2:296775 ] lost hear beat 3times,close the socket!
2016-05-25 10:42:30  [ ERROR ] - [ nioEventLoopGroup-5-2:296776 ] java.lang.NullPointerException
2016-05-25 10:42:32  [ ERROR ] - [ nioEventLoopGroup-5-2:298775 ] lost hear beat 3times,close the socket!
2016-05-25 10:42:32  [ ERROR ] - [ nioEventLoopGroup-5-2:298775 ] java.lang.NullPointerException
2016-05-25 10:42:34  [ ERROR ] - [ nioEventLoopGroup-5-2:300775 ] lost hear beat 3times,close the socket!
2016-05-25 10:42:34  [ ERROR ] - [ nioEventLoopGroup-5-2:300775 ] java.lang.NullPointerException
2016-05-25 10:42:36  [ ERROR ] - [ nioEventLoopGroup-5-2:302774 ] lost hear beat 3times,close the socket!
2016-05-25 10:42:36  [ ERROR ] - [ nioEventLoopGroup-5-2:302775 ] java.lang.NullPointerException
2016-05-25 10:42:38  [ ERROR ] - [ nioEventLoopGroup-5-2:304775 ] lost hear beat 3times,close the socket!
2016-05-25 10:42:38  [ ERROR ] - [ nioEventLoopGroup-5-2:304776 ] java.lang.NullPointerException
2016-05-25 10:42:40  [ ERROR ] - [ nioEventLoopGroup-5-2:306775 ] lost hear beat 3times,close the socket!
2016-05-25 10:42:40  [ ERROR ] - [ nioEventLoopGroup-5-2:306776 ] java.lang.NullPointerException
2016-05-25 10:42:42  [ ERROR ] - [ nioEventLoopGroup-5-2:308775 ] lost hear beat 3times,close the socket!
2016-05-25 10:42:42  [ ERROR ] - [ nioEventLoopGroup-5-2:308776 ] java.lang.NullPointerException
2016-05-25 10:42:44  [ ERROR ] - [ nioEventLoopGroup-5-2:310775 ] lost hear beat 3times,close the socket!
2016-05-25 10:42:44  [ ERROR ] - [ nioEventLoopGroup-5-2:310776 ] java.lang.NullPointerException
2016-05-25 10:42:46  [ ERROR ] - [ nioEventLoopGroup-5-2:312775 ] lost hear beat 3times,close the socket!
2016-05-25 10:42:46  [ ERROR ] - [ nioEventLoopGroup-5-2:312776 ] java.lang.NullPointerException
2016-05-25 10:42:48  [ ERROR ] - [ nioEventLoopGroup-5-2:314775 ] lost hear beat 3times,close the socket!
2016-05-25 10:42:48  [ ERROR ] - [ nioEventLoopGroup-5-2:314776 ] java.lang.NullPointerException
2016-05-25 10:42:50  [ ERROR ] - [ nioEventLoopGroup-5-2:316775 ] lost hear beat 3times,close the socket!
2016-05-25 10:42:50  [ ERROR ] - [ nioEventLoopGroup-5-2:316775 ] java.lang.NullPointerException
2016-05-25 10:42:52  [ ERROR ] - [ nioEventLoopGroup-5-2:318775 ] lost hear beat 3times,close the socket!
2016-05-25 10:42:52  [ ERROR ] - [ nioEventLoopGroup-5-2:318775 ] java.lang.NullPointerException
2016-05-25 10:42:54  [ ERROR ] - [ nioEventLoopGroup-5-2:320775 ] lost hear beat 3times,close the socket!
2016-05-25 10:42:54  [ ERROR ] - [ nioEventLoopGroup-5-2:320776 ] java.lang.NullPointerException
2016-05-25 10:42:56  [ ERROR ] - [ nioEventLoopGroup-5-2:322775 ] lost hear beat 3times,close the socket!
2016-05-25 10:42:56  [ ERROR ] - [ nioEventLoopGroup-5-2:322776 ] java.lang.NullPointerException
2016-05-25 10:42:58  [ ERROR ] - [ nioEventLoopGroup-5-2:324775 ] lost hear beat 3times,close the socket!
2016-05-25 10:42:58  [ ERROR ] - [ nioEventLoopGroup-5-2:324775 ] java.lang.NullPointerException
2016-05-25 10:43:00  [ ERROR ] - [ nioEventLoopGroup-5-2:326775 ] lost hear beat 3times,close the socket!
2016-05-25 10:43:00  [ ERROR ] - [ nioEventLoopGroup-5-2:326776 ] java.lang.NullPointerException
2016-05-25 10:43:02  [ ERROR ] - [ nioEventLoopGroup-5-2:328775 ] lost hear beat 3times,close the socket!
2016-05-25 10:43:02  [ ERROR ] - [ nioEventLoopGroup-5-2:328776 ] java.lang.NullPointerException
2016-05-25 10:43:21  [ ERROR ] - [ nioEventLoopGroup-4-1:15308 ] lost hear beat 3times,close the socket!
2016-05-25 10:43:21  [ ERROR ] - [ nioEventLoopGroup-4-1:15309 ] java.lang.NullPointerException
2016-05-25 10:43:23  [ ERROR ] - [ nioEventLoopGroup-4-1:17307 ] lost hear beat 3times,close the socket!
2016-05-25 10:43:23  [ ERROR ] - [ nioEventLoopGroup-4-1:17308 ] java.lang.NullPointerException
2016-05-25 10:43:25  [ ERROR ] - [ nioEventLoopGroup-4-1:19307 ] lost hear beat 3times,close the socket!
2016-05-25 10:43:25  [ ERROR ] - [ nioEventLoopGroup-4-1:19308 ] java.lang.NullPointerException
2016-05-25 10:43:27  [ ERROR ] - [ nioEventLoopGroup-4-1:21307 ] lost hear beat 3times,close the socket!
2016-05-25 10:43:27  [ ERROR ] - [ nioEventLoopGroup-4-1:21308 ] java.lang.NullPointerException
2016-05-25 10:43:29  [ ERROR ] - [ nioEventLoopGroup-4-1:23308 ] lost hear beat 3times,close the socket!
2016-05-25 10:43:29  [ ERROR ] - [ nioEventLoopGroup-4-1:23309 ] java.lang.NullPointerException
2016-05-25 10:43:31  [ ERROR ] - [ nioEventLoopGroup-4-1:25308 ] lost hear beat 3times,close the socket!
2016-05-25 10:43:31  [ ERROR ] - [ nioEventLoopGroup-4-1:25309 ] java.lang.NullPointerException
2016-05-25 10:43:33  [ ERROR ] - [ nioEventLoopGroup-4-1:27308 ] lost hear beat 3times,close the socket!
2016-05-25 10:43:33  [ ERROR ] - [ nioEventLoopGroup-4-1:27308 ] java.lang.NullPointerException
2016-05-25 10:43:35  [ ERROR ] - [ nioEventLoopGroup-4-1:29308 ] lost hear beat 3times,close the socket!
2016-05-25 10:43:35  [ ERROR ] - [ nioEventLoopGroup-4-1:29308 ] java.lang.NullPointerException
2016-05-25 10:43:37  [ ERROR ] - [ nioEventLoopGroup-4-1:31308 ] lost hear beat 3times,close the socket!
2016-05-25 10:43:37  [ ERROR ] - [ nioEventLoopGroup-4-1:31308 ] java.lang.NullPointerException
2016-05-25 10:43:39  [ ERROR ] - [ nioEventLoopGroup-4-1:33307 ] lost hear beat 3times,close the socket!
2016-05-25 10:43:39  [ ERROR ] - [ nioEventLoopGroup-4-1:33308 ] java.lang.NullPointerException
2016-05-25 10:43:41  [ ERROR ] - [ nioEventLoopGroup-4-1:35307 ] lost hear beat 3times,close the socket!
2016-05-25 10:43:41  [ ERROR ] - [ nioEventLoopGroup-4-1:35308 ] java.lang.NullPointerException
2016-05-25 10:43:43  [ ERROR ] - [ nioEventLoopGroup-4-1:37307 ] lost hear beat 3times,close the socket!
2016-05-25 10:43:43  [ ERROR ] - [ nioEventLoopGroup-4-1:37308 ] java.lang.NullPointerException
2016-05-25 10:43:45  [ ERROR ] - [ nioEventLoopGroup-4-1:39307 ] lost hear beat 3times,close the socket!
2016-05-25 10:43:45  [ ERROR ] - [ nioEventLoopGroup-4-1:39308 ] java.lang.NullPointerException
2016-05-25 10:43:47  [ ERROR ] - [ nioEventLoopGroup-4-1:41308 ] lost hear beat 3times,close the socket!
2016-05-25 10:43:47  [ ERROR ] - [ nioEventLoopGroup-4-1:41309 ] java.lang.NullPointerException
2016-05-25 10:43:49  [ ERROR ] - [ nioEventLoopGroup-4-1:43308 ] lost hear beat 3times,close the socket!
2016-05-25 10:43:49  [ ERROR ] - [ nioEventLoopGroup-4-1:43309 ] java.lang.NullPointerException
2016-05-25 10:43:51  [ ERROR ] - [ nioEventLoopGroup-4-1:45308 ] lost hear beat 3times,close the socket!
2016-05-25 10:43:51  [ ERROR ] - [ nioEventLoopGroup-4-1:45308 ] java.lang.NullPointerException
2016-05-25 10:43:53  [ ERROR ] - [ nioEventLoopGroup-4-1:47308 ] lost hear beat 3times,close the socket!
2016-05-25 10:43:53  [ ERROR ] - [ nioEventLoopGroup-4-1:47308 ] java.lang.NullPointerException
2016-05-25 10:43:55  [ ERROR ] - [ nioEventLoopGroup-4-1:49308 ] lost hear beat 3times,close the socket!
2016-05-25 10:43:55  [ ERROR ] - [ nioEventLoopGroup-4-1:49308 ] java.lang.NullPointerException
2016-05-25 10:43:57  [ ERROR ] - [ nioEventLoopGroup-4-1:51307 ] lost hear beat 3times,close the socket!
2016-05-25 10:43:57  [ ERROR ] - [ nioEventLoopGroup-4-1:51308 ] java.lang.NullPointerException
2016-05-25 10:43:59  [ ERROR ] - [ nioEventLoopGroup-4-1:53307 ] lost hear beat 3times,close the socket!
2016-05-25 10:43:59  [ ERROR ] - [ nioEventLoopGroup-4-1:53308 ] java.lang.NullPointerException
2016-05-25 10:44:01  [ ERROR ] - [ nioEventLoopGroup-4-1:55307 ] lost hear beat 3times,close the socket!
2016-05-25 10:44:01  [ ERROR ] - [ nioEventLoopGroup-4-1:55308 ] java.lang.NullPointerException
2016-05-25 10:44:03  [ ERROR ] - [ nioEventLoopGroup-4-1:57307 ] lost hear beat 3times,close the socket!
2016-05-25 10:44:03  [ ERROR ] - [ nioEventLoopGroup-4-1:57308 ] java.lang.NullPointerException
2016-05-25 10:44:05  [ ERROR ] - [ nioEventLoopGroup-4-1:59308 ] lost hear beat 3times,close the socket!
2016-05-25 10:44:05  [ ERROR ] - [ nioEventLoopGroup-4-1:59309 ] java.lang.NullPointerException
2016-05-25 10:44:07  [ ERROR ] - [ nioEventLoopGroup-4-1:61308 ] lost hear beat 3times,close the socket!
2016-05-25 10:44:07  [ ERROR ] - [ nioEventLoopGroup-4-1:61309 ] java.lang.NullPointerException
2016-05-25 10:44:09  [ ERROR ] - [ nioEventLoopGroup-4-1:63308 ] lost hear beat 3times,close the socket!
2016-05-25 10:44:09  [ ERROR ] - [ nioEventLoopGroup-4-1:63309 ] java.lang.NullPointerException
2016-05-25 10:44:11  [ ERROR ] - [ nioEventLoopGroup-4-1:65308 ] lost hear beat 3times,close the socket!
2016-05-25 10:44:11  [ ERROR ] - [ nioEventLoopGroup-4-1:65308 ] java.lang.NullPointerException
2016-05-25 10:44:13  [ ERROR ] - [ nioEventLoopGroup-4-1:67308 ] lost hear beat 3times,close the socket!
2016-05-25 10:44:13  [ ERROR ] - [ nioEventLoopGroup-4-1:67308 ] java.lang.NullPointerException
2016-05-25 10:44:15  [ ERROR ] - [ nioEventLoopGroup-4-1:69307 ] lost hear beat 3times,close the socket!
2016-05-25 10:44:15  [ ERROR ] - [ nioEventLoopGroup-4-1:69308 ] java.lang.NullPointerException
2016-05-25 10:44:17  [ ERROR ] - [ nioEventLoopGroup-4-1:71307 ] lost hear beat 3times,close the socket!
2016-05-25 10:44:17  [ ERROR ] - [ nioEventLoopGroup-4-1:71307 ] java.lang.NullPointerException
2016-05-25 10:44:19  [ ERROR ] - [ nioEventLoopGroup-4-1:73307 ] lost hear beat 3times,close the socket!
2016-05-25 10:44:19  [ ERROR ] - [ nioEventLoopGroup-4-1:73308 ] java.lang.NullPointerException
2016-05-25 10:44:21  [ ERROR ] - [ nioEventLoopGroup-4-1:75308 ] lost hear beat 3times,close the socket!
2016-05-25 10:44:21  [ ERROR ] - [ nioEventLoopGroup-4-1:75309 ] java.lang.NullPointerException
2016-05-25 10:44:23  [ ERROR ] - [ nioEventLoopGroup-4-1:77308 ] lost hear beat 3times,close the socket!
2016-05-25 10:44:23  [ ERROR ] - [ nioEventLoopGroup-4-1:77309 ] java.lang.NullPointerException
2016-05-25 10:44:25  [ ERROR ] - [ nioEventLoopGroup-4-1:79308 ] lost hear beat 3times,close the socket!
2016-05-25 10:44:25  [ ERROR ] - [ nioEventLoopGroup-4-1:79309 ] java.lang.NullPointerException
2016-05-25 10:44:27  [ ERROR ] - [ nioEventLoopGroup-4-1:81308 ] lost hear beat 3times,close the socket!
2016-05-25 10:44:27  [ ERROR ] - [ nioEventLoopGroup-4-1:81309 ] java.lang.NullPointerException
2016-05-25 10:44:29  [ ERROR ] - [ nioEventLoopGroup-4-1:83307 ] lost hear beat 3times,close the socket!
2016-05-25 10:44:29  [ ERROR ] - [ nioEventLoopGroup-4-1:83308 ] java.lang.NullPointerException
2016-05-25 10:44:31  [ ERROR ] - [ nioEventLoopGroup-4-1:85307 ] lost hear beat 3times,close the socket!
2016-05-25 10:44:31  [ ERROR ] - [ nioEventLoopGroup-4-1:85308 ] java.lang.NullPointerException
2016-05-25 10:44:33  [ ERROR ] - [ nioEventLoopGroup-4-1:87308 ] lost hear beat 3times,close the socket!
2016-05-25 10:44:33  [ ERROR ] - [ nioEventLoopGroup-4-1:87308 ] java.lang.NullPointerException
2016-05-25 10:44:35  [ ERROR ] - [ nioEventLoopGroup-4-1:89307 ] lost hear beat 3times,close the socket!
2016-05-25 10:44:35  [ ERROR ] - [ nioEventLoopGroup-4-1:89308 ] java.lang.NullPointerException
2016-05-25 10:44:37  [ ERROR ] - [ nioEventLoopGroup-4-1:91307 ] lost hear beat 3times,close the socket!
2016-05-25 10:44:37  [ ERROR ] - [ nioEventLoopGroup-4-1:91308 ] java.lang.NullPointerException
2016-05-25 10:44:55  [ ERROR ] - [ nioEventLoopGroup-5-1:12836 ] lost hear beat 3times,close the socket!
2016-05-25 10:44:55  [ ERROR ] - [ nioEventLoopGroup-5-1:12836 ] java.lang.NullPointerException
2016-05-25 10:44:57  [ ERROR ] - [ nioEventLoopGroup-5-1:14837 ] lost hear beat 3times,close the socket!
2016-05-25 10:44:57  [ ERROR ] - [ nioEventLoopGroup-5-1:14837 ] java.lang.NullPointerException
2016-05-25 10:44:59  [ ERROR ] - [ nioEventLoopGroup-5-1:16836 ] lost hear beat 3times,close the socket!
2016-05-25 10:44:59  [ ERROR ] - [ nioEventLoopGroup-5-1:16837 ] java.lang.NullPointerException
2016-05-25 10:45:01  [ ERROR ] - [ nioEventLoopGroup-5-1:18836 ] lost hear beat 3times,close the socket!
2016-05-25 10:45:01  [ ERROR ] - [ nioEventLoopGroup-5-1:18837 ] java.lang.NullPointerException
2016-05-25 10:45:03  [ ERROR ] - [ nioEventLoopGroup-5-1:20836 ] lost hear beat 3times,close the socket!
2016-05-25 10:45:03  [ ERROR ] - [ nioEventLoopGroup-5-1:20837 ] java.lang.NullPointerException
2016-05-25 10:45:05  [ ERROR ] - [ nioEventLoopGroup-5-1:22836 ] lost hear beat 3times,close the socket!
2016-05-25 10:45:05  [ ERROR ] - [ nioEventLoopGroup-5-1:22837 ] java.lang.NullPointerException
2016-05-25 10:45:07  [ ERROR ] - [ nioEventLoopGroup-5-1:24836 ] lost hear beat 3times,close the socket!
2016-05-25 10:45:07  [ ERROR ] - [ nioEventLoopGroup-5-1:24837 ] java.lang.NullPointerException
2016-05-25 10:45:09  [ ERROR ] - [ nioEventLoopGroup-5-1:26836 ] lost hear beat 3times,close the socket!
2016-05-25 10:45:09  [ ERROR ] - [ nioEventLoopGroup-5-1:26837 ] java.lang.NullPointerException
2016-05-25 10:45:11  [ ERROR ] - [ nioEventLoopGroup-5-1:28836 ] lost hear beat 3times,close the socket!
2016-05-25 10:45:11  [ ERROR ] - [ nioEventLoopGroup-5-1:28836 ] java.lang.NullPointerException
2016-05-25 10:45:13  [ ERROR ] - [ nioEventLoopGroup-5-1:30836 ] lost hear beat 3times,close the socket!
2016-05-25 10:45:13  [ ERROR ] - [ nioEventLoopGroup-5-1:30836 ] java.lang.NullPointerException
2016-05-25 10:45:15  [ ERROR ] - [ nioEventLoopGroup-5-1:32836 ] lost hear beat 3times,close the socket!
2016-05-25 10:45:15  [ ERROR ] - [ nioEventLoopGroup-5-1:32837 ] java.lang.NullPointerException
2016-05-25 10:45:17  [ ERROR ] - [ nioEventLoopGroup-5-1:34836 ] lost hear beat 3times,close the socket!
2016-05-25 10:45:17  [ ERROR ] - [ nioEventLoopGroup-5-1:34837 ] java.lang.NullPointerException
2016-05-25 10:45:19  [ ERROR ] - [ nioEventLoopGroup-5-1:36836 ] lost hear beat 3times,close the socket!
2016-05-25 10:45:19  [ ERROR ] - [ nioEventLoopGroup-5-1:36837 ] java.lang.NullPointerException
2016-05-25 10:45:21  [ ERROR ] - [ nioEventLoopGroup-5-1:38836 ] lost hear beat 3times,close the socket!
2016-05-25 10:45:21  [ ERROR ] - [ nioEventLoopGroup-5-1:38837 ] java.lang.NullPointerException
2016-05-25 10:45:23  [ ERROR ] - [ nioEventLoopGroup-5-1:40836 ] lost hear beat 3times,close the socket!
2016-05-25 10:45:23  [ ERROR ] - [ nioEventLoopGroup-5-1:40837 ] java.lang.NullPointerException
2016-05-25 10:45:25  [ ERROR ] - [ nioEventLoopGroup-5-1:42836 ] lost hear beat 3times,close the socket!
2016-05-25 10:45:25  [ ERROR ] - [ nioEventLoopGroup-5-1:42837 ] java.lang.NullPointerException
2016-05-25 10:45:27  [ ERROR ] - [ nioEventLoopGroup-5-1:44836 ] lost hear beat 3times,close the socket!
2016-05-25 10:45:27  [ ERROR ] - [ nioEventLoopGroup-5-1:44837 ] java.lang.NullPointerException
2016-05-25 10:45:29  [ ERROR ] - [ nioEventLoopGroup-5-1:46836 ] lost hear beat 3times,close the socket!
2016-05-25 10:45:29  [ ERROR ] - [ nioEventLoopGroup-5-1:46836 ] java.lang.NullPointerException
2016-05-25 10:45:31  [ ERROR ] - [ nioEventLoopGroup-5-1:48836 ] lost hear beat 3times,close the socket!
2016-05-25 10:45:31  [ ERROR ] - [ nioEventLoopGroup-5-1:48836 ] java.lang.NullPointerException
2016-05-25 10:45:33  [ ERROR ] - [ nioEventLoopGroup-5-1:50837 ] lost hear beat 3times,close the socket!
2016-05-25 10:45:33  [ ERROR ] - [ nioEventLoopGroup-5-1:50837 ] java.lang.NullPointerException
2016-05-25 10:45:35  [ ERROR ] - [ nioEventLoopGroup-5-1:52836 ] lost hear beat 3times,close the socket!
2016-05-25 10:45:35  [ ERROR ] - [ nioEventLoopGroup-5-1:52837 ] java.lang.NullPointerException
2016-05-25 10:45:37  [ ERROR ] - [ nioEventLoopGroup-5-1:54836 ] lost hear beat 3times,close the socket!
2016-05-25 10:45:37  [ ERROR ] - [ nioEventLoopGroup-5-1:54836 ] java.lang.NullPointerException
2016-05-25 10:45:39  [ ERROR ] - [ nioEventLoopGroup-5-1:56836 ] lost hear beat 3times,close the socket!
2016-05-25 10:45:39  [ ERROR ] - [ nioEventLoopGroup-5-1:56836 ] java.lang.NullPointerException
2016-05-25 10:45:41  [ ERROR ] - [ nioEventLoopGroup-5-1:58836 ] lost hear beat 3times,close the socket!
2016-05-25 10:45:41  [ ERROR ] - [ nioEventLoopGroup-5-1:58837 ] java.lang.NullPointerException
2016-05-25 10:45:43  [ ERROR ] - [ nioEventLoopGroup-5-1:60836 ] lost hear beat 3times,close the socket!
2016-05-25 10:45:43  [ ERROR ] - [ nioEventLoopGroup-5-1:60837 ] java.lang.NullPointerException
2016-05-25 10:45:45  [ ERROR ] - [ nioEventLoopGroup-5-1:62836 ] lost hear beat 3times,close the socket!
2016-05-25 10:45:45  [ ERROR ] - [ nioEventLoopGroup-5-1:62837 ] java.lang.NullPointerException
2016-05-25 10:45:47  [ ERROR ] - [ nioEventLoopGroup-5-1:64836 ] lost hear beat 3times,close the socket!
2016-05-25 10:45:47  [ ERROR ] - [ nioEventLoopGroup-5-1:64837 ] java.lang.NullPointerException
2016-05-25 10:45:49  [ ERROR ] - [ nioEventLoopGroup-5-1:66837 ] lost hear beat 3times,close the socket!
2016-05-25 10:45:49  [ ERROR ] - [ nioEventLoopGroup-5-1:66837 ] java.lang.NullPointerException
2016-05-25 10:45:51  [ ERROR ] - [ nioEventLoopGroup-5-1:68837 ] lost hear beat 3times,close the socket!
2016-05-25 10:45:51  [ ERROR ] - [ nioEventLoopGroup-5-1:68837 ] java.lang.NullPointerException
2016-05-25 10:45:53  [ ERROR ] - [ nioEventLoopGroup-5-1:70836 ] lost hear beat 3times,close the socket!
2016-05-25 10:45:53  [ ERROR ] - [ nioEventLoopGroup-5-1:70837 ] java.lang.NullPointerException
2016-05-25 10:45:55  [ ERROR ] - [ nioEventLoopGroup-5-1:72836 ] lost hear beat 3times,close the socket!
2016-05-25 10:45:55  [ ERROR ] - [ nioEventLoopGroup-5-1:72837 ] java.lang.NullPointerException
2016-05-25 10:45:57  [ ERROR ] - [ nioEventLoopGroup-5-1:74836 ] lost hear beat 3times,close the socket!
2016-05-25 10:45:57  [ ERROR ] - [ nioEventLoopGroup-5-1:74837 ] java.lang.NullPointerException
2016-05-25 10:45:59  [ ERROR ] - [ nioEventLoopGroup-5-1:76836 ] lost hear beat 3times,close the socket!
2016-05-25 10:45:59  [ ERROR ] - [ nioEventLoopGroup-5-1:76837 ] java.lang.NullPointerException
2016-05-25 10:46:01  [ ERROR ] - [ nioEventLoopGroup-5-1:78836 ] lost hear beat 3times,close the socket!
2016-05-25 10:46:01  [ ERROR ] - [ nioEventLoopGroup-5-1:78837 ] java.lang.NullPointerException
2016-05-25 10:46:03  [ ERROR ] - [ nioEventLoopGroup-5-1:80836 ] lost hear beat 3times,close the socket!
2016-05-25 10:46:03  [ ERROR ] - [ nioEventLoopGroup-5-1:80837 ] java.lang.NullPointerException
2016-05-25 10:46:05  [ ERROR ] - [ nioEventLoopGroup-5-1:82836 ] lost hear beat 3times,close the socket!
2016-05-25 10:46:05  [ ERROR ] - [ nioEventLoopGroup-5-1:82837 ] java.lang.NullPointerException
2016-05-25 10:46:07  [ ERROR ] - [ nioEventLoopGroup-5-1:84837 ] lost hear beat 3times,close the socket!
2016-05-25 10:46:07  [ ERROR ] - [ nioEventLoopGroup-5-1:84837 ] java.lang.NullPointerException
2016-05-25 10:46:09  [ ERROR ] - [ nioEventLoopGroup-5-1:86837 ] lost hear beat 3times,close the socket!
2016-05-25 10:46:09  [ ERROR ] - [ nioEventLoopGroup-5-1:86837 ] java.lang.NullPointerException
2016-05-25 10:46:11  [ ERROR ] - [ nioEventLoopGroup-5-1:88837 ] lost hear beat 3times,close the socket!
2016-05-25 10:46:11  [ ERROR ] - [ nioEventLoopGroup-5-1:88837 ] java.lang.NullPointerException
2016-05-25 10:46:13  [ ERROR ] - [ nioEventLoopGroup-5-1:90836 ] lost hear beat 3times,close the socket!
2016-05-25 10:46:13  [ ERROR ] - [ nioEventLoopGroup-5-1:90837 ] java.lang.NullPointerException
2016-05-25 10:46:15  [ ERROR ] - [ nioEventLoopGroup-5-1:92836 ] lost hear beat 3times,close the socket!
2016-05-25 10:46:15  [ ERROR ] - [ nioEventLoopGroup-5-1:92837 ] java.lang.NullPointerException
2016-05-25 10:46:17  [ ERROR ] - [ nioEventLoopGroup-5-1:94836 ] lost hear beat 3times,close the socket!
2016-05-25 10:46:17  [ ERROR ] - [ nioEventLoopGroup-5-1:94837 ] java.lang.NullPointerException
2016-05-25 10:46:19  [ ERROR ] - [ nioEventLoopGroup-5-1:96836 ] lost hear beat 3times,close the socket!
2016-05-25 10:46:19  [ ERROR ] - [ nioEventLoopGroup-5-1:96837 ] java.lang.NullPointerException
2016-05-25 10:46:21  [ ERROR ] - [ nioEventLoopGroup-5-1:98836 ] lost hear beat 3times,close the socket!
2016-05-25 10:46:21  [ ERROR ] - [ nioEventLoopGroup-5-1:98837 ] java.lang.NullPointerException
2016-05-25 10:46:23  [ ERROR ] - [ nioEventLoopGroup-5-1:100836 ] lost hear beat 3times,close the socket!
2016-05-25 10:46:23  [ ERROR ] - [ nioEventLoopGroup-5-1:100837 ] java.lang.NullPointerException
2016-05-25 10:46:25  [ ERROR ] - [ nioEventLoopGroup-5-1:102837 ] lost hear beat 3times,close the socket!
2016-05-25 10:46:25  [ ERROR ] - [ nioEventLoopGroup-5-1:102838 ] java.lang.NullPointerException
2016-05-25 10:46:27  [ ERROR ] - [ nioEventLoopGroup-5-1:104837 ] lost hear beat 3times,close the socket!
2016-05-25 10:46:27  [ ERROR ] - [ nioEventLoopGroup-5-1:104837 ] java.lang.NullPointerException
2016-05-25 10:46:29  [ ERROR ] - [ nioEventLoopGroup-5-1:106837 ] lost hear beat 3times,close the socket!
2016-05-25 10:46:29  [ ERROR ] - [ nioEventLoopGroup-5-1:106837 ] java.lang.NullPointerException
2016-05-25 10:46:31  [ ERROR ] - [ nioEventLoopGroup-5-1:108836 ] lost hear beat 3times,close the socket!
2016-05-25 10:46:31  [ ERROR ] - [ nioEventLoopGroup-5-1:108837 ] java.lang.NullPointerException
2016-05-25 10:46:33  [ ERROR ] - [ nioEventLoopGroup-5-1:110836 ] lost hear beat 3times,close the socket!
2016-05-25 10:46:33  [ ERROR ] - [ nioEventLoopGroup-5-1:110837 ] java.lang.NullPointerException
2016-05-25 10:46:35  [ ERROR ] - [ nioEventLoopGroup-5-1:112836 ] lost hear beat 3times,close the socket!
2016-05-25 10:46:35  [ ERROR ] - [ nioEventLoopGroup-5-1:112837 ] java.lang.NullPointerException
2016-05-25 10:46:37  [ ERROR ] - [ nioEventLoopGroup-5-1:114836 ] lost hear beat 3times,close the socket!
2016-05-25 10:46:37  [ ERROR ] - [ nioEventLoopGroup-5-1:114837 ] java.lang.NullPointerException
2016-05-25 10:46:39  [ ERROR ] - [ nioEventLoopGroup-5-1:116836 ] lost hear beat 3times,close the socket!
2016-05-25 10:46:39  [ ERROR ] - [ nioEventLoopGroup-5-1:116837 ] java.lang.NullPointerException
2016-05-25 10:46:41  [ ERROR ] - [ nioEventLoopGroup-5-1:118836 ] lost hear beat 3times,close the socket!
2016-05-25 10:46:41  [ ERROR ] - [ nioEventLoopGroup-5-1:118837 ] java.lang.NullPointerException
2016-05-25 10:46:43  [ ERROR ] - [ nioEventLoopGroup-5-1:120837 ] lost hear beat 3times,close the socket!
2016-05-25 10:46:43  [ ERROR ] - [ nioEventLoopGroup-5-1:120838 ] java.lang.NullPointerException
2016-05-25 10:46:45  [ ERROR ] - [ nioEventLoopGroup-5-1:122837 ] lost hear beat 3times,close the socket!
2016-05-25 10:46:45  [ ERROR ] - [ nioEventLoopGroup-5-1:122837 ] java.lang.NullPointerException
2016-05-25 10:46:47  [ ERROR ] - [ nioEventLoopGroup-5-1:124837 ] lost hear beat 3times,close the socket!
2016-05-25 10:46:47  [ ERROR ] - [ nioEventLoopGroup-5-1:124837 ] java.lang.NullPointerException
2016-05-25 10:46:49  [ ERROR ] - [ nioEventLoopGroup-5-1:126836 ] lost hear beat 3times,close the socket!
2016-05-25 10:46:49  [ ERROR ] - [ nioEventLoopGroup-5-1:126837 ] java.lang.NullPointerException
2016-05-25 10:46:51  [ ERROR ] - [ nioEventLoopGroup-5-1:128836 ] lost hear beat 3times,close the socket!
2016-05-25 10:46:51  [ ERROR ] - [ nioEventLoopGroup-5-1:128837 ] java.lang.NullPointerException
2016-05-25 10:46:53  [ ERROR ] - [ nioEventLoopGroup-5-1:130836 ] lost hear beat 3times,close the socket!
2016-05-25 10:46:53  [ ERROR ] - [ nioEventLoopGroup-5-1:130837 ] java.lang.NullPointerException
2016-05-25 10:46:55  [ ERROR ] - [ nioEventLoopGroup-5-1:132836 ] lost hear beat 3times,close the socket!
2016-05-25 10:46:55  [ ERROR ] - [ nioEventLoopGroup-5-1:132837 ] java.lang.NullPointerException
2016-05-25 10:46:57  [ ERROR ] - [ nioEventLoopGroup-5-1:134836 ] lost hear beat 3times,close the socket!
2016-05-25 10:46:57  [ ERROR ] - [ nioEventLoopGroup-5-1:134837 ] java.lang.NullPointerException
2016-05-25 10:46:59  [ ERROR ] - [ nioEventLoopGroup-5-1:136837 ] lost hear beat 3times,close the socket!
2016-05-25 10:46:59  [ ERROR ] - [ nioEventLoopGroup-5-1:136838 ] java.lang.NullPointerException
2016-05-25 10:47:01  [ ERROR ] - [ nioEventLoopGroup-5-1:138841 ] lost hear beat 3times,close the socket!
2016-05-25 10:47:01  [ ERROR ] - [ nioEventLoopGroup-5-1:138842 ] java.lang.NullPointerException
2016-05-25 10:47:03  [ ERROR ] - [ nioEventLoopGroup-5-1:140837 ] lost hear beat 3times,close the socket!
2016-05-25 10:47:03  [ ERROR ] - [ nioEventLoopGroup-5-1:140838 ] java.lang.NullPointerException
2016-05-25 10:47:05  [ ERROR ] - [ nioEventLoopGroup-5-1:142837 ] lost hear beat 3times,close the socket!
2016-05-25 10:47:05  [ ERROR ] - [ nioEventLoopGroup-5-1:142837 ] java.lang.NullPointerException
2016-05-25 10:47:07  [ ERROR ] - [ nioEventLoopGroup-5-1:144837 ] lost hear beat 3times,close the socket!
2016-05-25 10:47:07  [ ERROR ] - [ nioEventLoopGroup-5-1:144837 ] java.lang.NullPointerException
2016-05-25 10:47:09  [ ERROR ] - [ nioEventLoopGroup-5-1:146836 ] lost hear beat 3times,close the socket!
2016-05-25 10:47:09  [ ERROR ] - [ nioEventLoopGroup-5-1:146837 ] java.lang.NullPointerException
2016-05-25 10:47:11  [ ERROR ] - [ nioEventLoopGroup-5-1:148836 ] lost hear beat 3times,close the socket!
2016-05-25 10:47:11  [ ERROR ] - [ nioEventLoopGroup-5-1:148837 ] java.lang.NullPointerException
2016-05-25 10:47:13  [ ERROR ] - [ nioEventLoopGroup-5-1:150836 ] lost hear beat 3times,close the socket!
2016-05-25 10:47:13  [ ERROR ] - [ nioEventLoopGroup-5-1:150837 ] java.lang.NullPointerException
2016-05-25 10:47:15  [ ERROR ] - [ nioEventLoopGroup-5-1:152836 ] lost hear beat 3times,close the socket!
2016-05-25 10:47:15  [ ERROR ] - [ nioEventLoopGroup-5-1:152837 ] java.lang.NullPointerException
2016-05-25 10:47:17  [ ERROR ] - [ nioEventLoopGroup-5-1:154837 ] lost hear beat 3times,close the socket!
2016-05-25 10:47:17  [ ERROR ] - [ nioEventLoopGroup-5-1:154838 ] java.lang.NullPointerException
2016-05-25 10:47:19  [ ERROR ] - [ nioEventLoopGroup-5-1:156837 ] lost hear beat 3times,close the socket!
2016-05-25 10:47:19  [ ERROR ] - [ nioEventLoopGroup-5-1:156838 ] java.lang.NullPointerException
2016-05-25 10:47:21  [ ERROR ] - [ nioEventLoopGroup-5-1:158837 ] lost hear beat 3times,close the socket!
2016-05-25 10:47:21  [ ERROR ] - [ nioEventLoopGroup-5-1:158838 ] java.lang.NullPointerException
2016-05-25 10:47:23  [ ERROR ] - [ nioEventLoopGroup-5-1:160837 ] lost hear beat 3times,close the socket!
2016-05-25 10:47:23  [ ERROR ] - [ nioEventLoopGroup-5-1:160837 ] java.lang.NullPointerException
2016-05-25 10:47:25  [ ERROR ] - [ nioEventLoopGroup-5-1:162837 ] lost hear beat 3times,close the socket!
2016-05-25 10:47:25  [ ERROR ] - [ nioEventLoopGroup-5-1:162837 ] java.lang.NullPointerException
2016-05-25 10:47:27  [ ERROR ] - [ nioEventLoopGroup-5-1:164837 ] lost hear beat 3times,close the socket!
2016-05-25 10:47:27  [ ERROR ] - [ nioEventLoopGroup-5-1:164837 ] java.lang.NullPointerException
2016-05-25 10:47:29  [ ERROR ] - [ nioEventLoopGroup-5-1:166836 ] lost hear beat 3times,close the socket!
2016-05-25 10:47:29  [ ERROR ] - [ nioEventLoopGroup-5-1:166837 ] java.lang.NullPointerException
2016-05-25 10:47:31  [ ERROR ] - [ nioEventLoopGroup-5-1:168836 ] lost hear beat 3times,close the socket!
2016-05-25 10:47:31  [ ERROR ] - [ nioEventLoopGroup-5-1:168837 ] java.lang.NullPointerException
2016-05-25 10:47:33  [ ERROR ] - [ nioEventLoopGroup-5-1:170836 ] lost hear beat 3times,close the socket!
2016-05-25 10:47:33  [ ERROR ] - [ nioEventLoopGroup-5-1:170836 ] java.lang.NullPointerException
2016-05-25 10:47:35  [ ERROR ] - [ nioEventLoopGroup-5-1:172837 ] lost hear beat 3times,close the socket!
2016-05-25 10:47:35  [ ERROR ] - [ nioEventLoopGroup-5-1:172838 ] java.lang.NullPointerException
2016-05-25 10:47:37  [ ERROR ] - [ nioEventLoopGroup-5-1:174837 ] lost hear beat 3times,close the socket!
2016-05-25 10:47:37  [ ERROR ] - [ nioEventLoopGroup-5-1:174838 ] java.lang.NullPointerException
2016-05-25 10:47:39  [ ERROR ] - [ nioEventLoopGroup-5-1:176837 ] lost hear beat 3times,close the socket!
2016-05-25 10:47:39  [ ERROR ] - [ nioEventLoopGroup-5-1:176838 ] java.lang.NullPointerException
2016-05-25 10:47:41  [ ERROR ] - [ nioEventLoopGroup-5-1:178837 ] lost hear beat 3times,close the socket!
2016-05-25 10:47:41  [ ERROR ] - [ nioEventLoopGroup-5-1:178837 ] java.lang.NullPointerException
2016-05-25 10:47:43  [ ERROR ] - [ nioEventLoopGroup-5-1:180837 ] lost hear beat 3times,close the socket!
2016-05-25 10:47:43  [ ERROR ] - [ nioEventLoopGroup-5-1:180837 ] java.lang.NullPointerException
2016-05-25 10:47:45  [ ERROR ] - [ nioEventLoopGroup-5-1:182837 ] lost hear beat 3times,close the socket!
2016-05-25 10:47:45  [ ERROR ] - [ nioEventLoopGroup-5-1:182837 ] java.lang.NullPointerException
2016-05-25 10:47:47  [ ERROR ] - [ nioEventLoopGroup-5-1:184836 ] lost hear beat 3times,close the socket!
2016-05-25 10:47:47  [ ERROR ] - [ nioEventLoopGroup-5-1:184837 ] java.lang.NullPointerException
2016-05-25 10:47:49  [ ERROR ] - [ nioEventLoopGroup-5-1:186836 ] lost hear beat 3times,close the socket!
2016-05-25 10:47:49  [ ERROR ] - [ nioEventLoopGroup-5-1:186837 ] java.lang.NullPointerException
2016-05-25 10:47:51  [ ERROR ] - [ nioEventLoopGroup-5-1:188836 ] lost hear beat 3times,close the socket!
2016-05-25 10:47:51  [ ERROR ] - [ nioEventLoopGroup-5-1:188837 ] java.lang.NullPointerException
2016-05-25 10:47:53  [ ERROR ] - [ nioEventLoopGroup-5-1:190837 ] lost hear beat 3times,close the socket!
2016-05-25 10:47:53  [ ERROR ] - [ nioEventLoopGroup-5-1:190838 ] java.lang.NullPointerException
2016-05-25 10:47:55  [ ERROR ] - [ nioEventLoopGroup-5-1:192837 ] lost hear beat 3times,close the socket!
2016-05-25 10:47:55  [ ERROR ] - [ nioEventLoopGroup-5-1:192838 ] java.lang.NullPointerException
2016-05-25 10:47:57  [ ERROR ] - [ nioEventLoopGroup-5-1:194837 ] lost hear beat 3times,close the socket!
2016-05-25 10:47:57  [ ERROR ] - [ nioEventLoopGroup-5-1:194838 ] java.lang.NullPointerException
2016-05-25 10:47:59  [ ERROR ] - [ nioEventLoopGroup-5-1:196837 ] lost hear beat 3times,close the socket!
2016-05-25 10:47:59  [ ERROR ] - [ nioEventLoopGroup-5-1:196838 ] java.lang.NullPointerException
2016-05-25 10:48:01  [ ERROR ] - [ nioEventLoopGroup-5-1:198837 ] lost hear beat 3times,close the socket!
2016-05-25 10:48:01  [ ERROR ] - [ nioEventLoopGroup-5-1:198837 ] java.lang.NullPointerException
2016-05-25 10:48:03  [ ERROR ] - [ nioEventLoopGroup-5-1:200837 ] lost hear beat 3times,close the socket!
2016-05-25 10:48:03  [ ERROR ] - [ nioEventLoopGroup-5-1:200837 ] java.lang.NullPointerException
2016-05-25 10:48:05  [ ERROR ] - [ nioEventLoopGroup-5-1:202837 ] lost hear beat 3times,close the socket!
2016-05-25 10:48:05  [ ERROR ] - [ nioEventLoopGroup-5-1:202837 ] java.lang.NullPointerException
2016-05-25 10:48:19  [ ERROR ] - [ nioEventLoopGroup-4-1:11106 ] lost hear beat 3times,close the socket!
2016-05-25 10:49:13  [ ERROR ] - [ nioEventLoopGroup-5-1:11998 ] lost hear beat 3times,close the socket!
2016-05-25 10:49:13  [ ERROR ] - [ nioEventLoopGroup-5-1:11998 ] java.lang.NullPointerException
2016-05-25 10:49:15  [ ERROR ] - [ nioEventLoopGroup-5-1:13998 ] lost hear beat 3times,close the socket!
2016-05-25 10:49:15  [ ERROR ] - [ nioEventLoopGroup-5-1:13998 ] java.lang.NullPointerException
2016-05-25 10:49:17  [ ERROR ] - [ nioEventLoopGroup-5-1:15997 ] lost hear beat 3times,close the socket!
2016-05-25 10:49:17  [ ERROR ] - [ nioEventLoopGroup-5-1:15998 ] java.lang.NullPointerException
2016-05-25 10:49:19  [ ERROR ] - [ nioEventLoopGroup-5-1:17998 ] lost hear beat 3times,close the socket!
2016-05-25 10:49:19  [ ERROR ] - [ nioEventLoopGroup-5-1:17999 ] java.lang.NullPointerException
2016-05-25 10:49:21  [ ERROR ] - [ nioEventLoopGroup-5-1:19998 ] lost hear beat 3times,close the socket!
2016-05-25 10:49:21  [ ERROR ] - [ nioEventLoopGroup-5-1:19999 ] java.lang.NullPointerException
2016-05-25 10:49:23  [ ERROR ] - [ nioEventLoopGroup-5-1:21998 ] lost hear beat 3times,close the socket!
2016-05-25 10:49:23  [ ERROR ] - [ nioEventLoopGroup-5-1:22014 ] java.lang.NullPointerException
2016-05-25 10:49:25  [ ERROR ] - [ nioEventLoopGroup-5-1:23998 ] lost hear beat 3times,close the socket!
2016-05-25 10:49:25  [ ERROR ] - [ nioEventLoopGroup-5-1:23999 ] java.lang.NullPointerException
2016-05-25 10:49:27  [ ERROR ] - [ nioEventLoopGroup-5-1:25998 ] lost hear beat 3times,close the socket!
2016-05-25 10:49:27  [ ERROR ] - [ nioEventLoopGroup-5-1:25999 ] java.lang.NullPointerException
2016-05-25 10:49:29  [ ERROR ] - [ nioEventLoopGroup-5-1:27998 ] lost hear beat 3times,close the socket!
2016-05-25 10:49:29  [ ERROR ] - [ nioEventLoopGroup-5-1:27998 ] java.lang.NullPointerException
2016-05-25 10:49:31  [ ERROR ] - [ nioEventLoopGroup-5-1:29998 ] lost hear beat 3times,close the socket!
2016-05-25 10:49:31  [ ERROR ] - [ nioEventLoopGroup-5-1:29998 ] java.lang.NullPointerException
2016-05-25 10:49:33  [ ERROR ] - [ nioEventLoopGroup-5-1:31998 ] lost hear beat 3times,close the socket!
2016-05-25 10:49:33  [ ERROR ] - [ nioEventLoopGroup-5-1:31998 ] java.lang.NullPointerException
2016-05-25 10:49:35  [ ERROR ] - [ nioEventLoopGroup-5-1:33997 ] lost hear beat 3times,close the socket!
2016-05-25 10:49:35  [ ERROR ] - [ nioEventLoopGroup-5-1:33998 ] java.lang.NullPointerException
2016-05-25 10:49:37  [ ERROR ] - [ nioEventLoopGroup-5-1:35998 ] lost hear beat 3times,close the socket!
2016-05-25 10:49:37  [ ERROR ] - [ nioEventLoopGroup-5-1:35999 ] java.lang.NullPointerException
2016-05-25 10:49:39  [ ERROR ] - [ nioEventLoopGroup-5-1:37998 ] lost hear beat 3times,close the socket!
2016-05-25 10:49:39  [ ERROR ] - [ nioEventLoopGroup-5-1:37999 ] java.lang.NullPointerException
2016-05-25 10:49:41  [ ERROR ] - [ nioEventLoopGroup-5-1:39998 ] lost hear beat 3times,close the socket!
2016-05-25 10:49:41  [ ERROR ] - [ nioEventLoopGroup-5-1:39999 ] java.lang.NullPointerException
2016-05-25 10:49:43  [ ERROR ] - [ nioEventLoopGroup-5-1:41998 ] lost hear beat 3times,close the socket!
2016-05-25 10:49:43  [ ERROR ] - [ nioEventLoopGroup-5-1:41999 ] java.lang.NullPointerException
2016-05-25 10:49:45  [ ERROR ] - [ nioEventLoopGroup-5-1:43998 ] lost hear beat 3times,close the socket!
2016-05-25 10:49:45  [ ERROR ] - [ nioEventLoopGroup-5-1:43999 ] java.lang.NullPointerException
2016-05-25 10:49:47  [ ERROR ] - [ nioEventLoopGroup-5-1:45998 ] lost hear beat 3times,close the socket!
2016-05-25 10:49:47  [ ERROR ] - [ nioEventLoopGroup-5-1:45999 ] java.lang.NullPointerException
2016-05-25 10:49:49  [ ERROR ] - [ nioEventLoopGroup-5-1:47998 ] lost hear beat 3times,close the socket!
2016-05-25 10:49:49  [ ERROR ] - [ nioEventLoopGroup-5-1:47998 ] java.lang.NullPointerException
2016-05-25 10:49:51  [ ERROR ] - [ nioEventLoopGroup-5-1:49998 ] lost hear beat 3times,close the socket!
2016-05-25 10:49:51  [ ERROR ] - [ nioEventLoopGroup-5-1:49998 ] java.lang.NullPointerException
2016-05-25 10:49:53  [ ERROR ] - [ nioEventLoopGroup-5-1:51998 ] lost hear beat 3times,close the socket!
2016-05-25 10:49:53  [ ERROR ] - [ nioEventLoopGroup-5-1:51998 ] java.lang.NullPointerException
2016-05-25 10:49:55  [ ERROR ] - [ nioEventLoopGroup-5-1:53998 ] lost hear beat 3times,close the socket!
2016-05-25 10:49:55  [ ERROR ] - [ nioEventLoopGroup-5-1:53999 ] java.lang.NullPointerException
2016-05-25 10:51:02  [ ERROR ] - [ nioEventLoopGroup-5-1:11355 ] lost hear beat 3times,close the socket!
2016-05-25 10:51:26  [ ERROR ] - [ nioEventLoopGroup-5-1:35383 ] java.lang.NullPointerException
2016-05-25 10:51:26  [ ERROR ] - [ nioEventLoopGroup-5-1:35385 ] lost hear beat 3times,close the socket!
2016-05-25 10:51:26  [ ERROR ] - [ nioEventLoopGroup-5-1:35387 ] java.lang.NullPointerException
2016-05-25 10:51:26  [ ERROR ] - [ nioEventLoopGroup-5-1:35389 ] lost hear beat 3times,close the socket!
2016-05-25 10:51:26  [ ERROR ] - [ nioEventLoopGroup-5-1:35389 ] java.lang.NullPointerException
2016-05-25 10:51:26  [ ERROR ] - [ nioEventLoopGroup-5-1:35390 ] lost hear beat 3times,close the socket!
2016-05-25 10:51:26  [ ERROR ] - [ nioEventLoopGroup-5-1:35390 ] java.lang.NullPointerException
2016-05-25 10:51:26  [ ERROR ] - [ nioEventLoopGroup-5-1:35391 ] lost hear beat 3times,close the socket!
2016-05-25 10:51:26  [ ERROR ] - [ nioEventLoopGroup-5-1:35392 ] java.lang.NullPointerException
2016-05-25 10:51:26  [ ERROR ] - [ nioEventLoopGroup-5-1:35393 ] lost hear beat 3times,close the socket!
2016-05-25 10:51:26  [ ERROR ] - [ nioEventLoopGroup-5-1:35393 ] java.lang.NullPointerException
2016-05-25 10:51:26  [ ERROR ] - [ nioEventLoopGroup-5-1:35394 ] lost hear beat 3times,close the socket!
2016-05-25 10:51:26  [ ERROR ] - [ nioEventLoopGroup-5-1:35394 ] java.lang.NullPointerException
2016-05-25 10:51:26  [ ERROR ] - [ nioEventLoopGroup-5-1:35395 ] lost hear beat 3times,close the socket!
2016-05-25 10:51:26  [ ERROR ] - [ nioEventLoopGroup-5-1:35396 ] java.lang.NullPointerException
2016-05-25 10:51:26  [ ERROR ] - [ nioEventLoopGroup-5-1:35396 ] lost hear beat 3times,close the socket!
2016-05-25 10:51:26  [ ERROR ] - [ nioEventLoopGroup-5-1:35397 ] java.lang.NullPointerException
2016-05-25 10:51:26  [ ERROR ] - [ nioEventLoopGroup-5-1:35398 ] lost hear beat 3times,close the socket!
2016-05-25 10:51:26  [ ERROR ] - [ nioEventLoopGroup-5-1:35398 ] java.lang.NullPointerException
2016-05-25 10:52:58  [ ERROR ] - [ nioEventLoopGroup-4-1:11935 ] lost hear beat 3times,close the socket!
2016-05-25 10:53:34  [ ERROR ] - [ nioEventLoopGroup-4-1:14234 ] lost hear beat 3times,close the socket!
2016-05-25 10:57:02  [ ERROR ] - [ nioEventLoopGroup-4-2:222383 ] bad data formate,the socket will be closed! java.lang.NegativeArraySizeException
2016-05-25 10:58:41  [ ERROR ] - [ nioEventLoopGroup-4-1:20343 ] lost hear beat 3times,close the socket!
2016-05-25 11:06:13  [ ERROR ] - [ nioEventLoopGroup-5-1:20066 ] lost hear beat 3times,close the socket!
2016-05-25 11:09:33  [ ERROR ] - [ nioEventLoopGroup-4-1:10144 ] lost hear beat 3times,close the socket!
2016-05-25 11:12:15  [ ERROR ] - [ nioEventLoopGroup-4-1:16374 ] lost hear beat 3times,close the socket!
2016-05-25 11:31:10  [ ERROR ] - [ nioEventLoopGroup-4-2:243194 ] lost hear beat 3times,close the socket!
2016-05-25 11:32:41  [ ERROR ] - [ nioEventLoopGroup-4-2:50366 ] lost hear beat 3times,close the socket!
